{"/Users/stanley/Desktop/rectangle_test/rectangle.js":{"path":"/Users/stanley/Desktop/rectangle_test/rectangle.js","s":{"1":1,"2":1,"3":1,"4":1,"5":4,"6":4,"7":4,"8":4,"9":0,"10":4,"11":1,"12":1,"13":1,"14":1,"15":0,"16":1,"17":1,"18":14,"19":0,"20":1,"21":1,"22":14,"23":14,"24":12,"25":1,"26":4,"27":14,"28":2,"29":12,"30":4,"31":16,"32":3,"33":13,"34":1,"35":1,"36":1,"37":1,"38":1},"b":{"1":[4,4],"2":[0,4],"3":[1,0],"4":[0,1],"5":[0,14],"6":[2,12],"7":[3,13]},"f":{"1":1,"2":1,"3":1,"4":14,"5":1,"6":14,"7":4,"8":14,"9":4,"10":16,"11":1,"12":1},"fnMap":{"1":{"name":"(anonymous_1)","line":7,"loc":{"start":{"line":0,"column":0},"end":{"line":0,"column":0}},"skip":true},"2":{"name":"defineProperties","line":7,"loc":{"start":{"line":0,"column":0},"end":{"line":0,"column":0}},"skip":true},"3":{"name":"(anonymous_3)","line":7,"loc":{"start":{"line":0,"column":0},"end":{"line":0,"column":0}},"skip":true},"4":{"name":"_classCallCheck","line":9,"loc":{"start":{"line":0,"column":0},"end":{"line":0,"column":0}},"skip":true},"5":{"name":"(anonymous_5)","line":11,"loc":{"start":{"line":1,"column":15},"end":{"line":1,"column":15}}},"6":{"name":"Rectangle","line":14,"loc":{"start":{"line":3,"column":15},"end":{"line":3,"column":31}}},"7":{"name":"get","line":25,"loc":{"start":{"line":9,"column":14},"end":{"line":9,"column":17}}},"8":{"name":"set","line":30,"loc":{"start":{"line":14,"column":14},"end":{"line":14,"column":22}}},"9":{"name":"get","line":38,"loc":{"start":{"line":21,"column":13},"end":{"line":21,"column":16}}},"10":{"name":"set","line":41,"loc":{"start":{"line":25,"column":13},"end":{"line":25,"column":21}}},"11":{"name":"get","line":49,"loc":{"start":{"line":32,"column":12},"end":{"line":32,"column":15}}},"12":{"name":"get","line":54,"loc":{"start":{"line":36,"column":21},"end":{"line":36,"column":24}}}},"statementMap":{"1":{"start":{"line":0,"column":0},"end":{"line":0,"column":0},"skip":true},"2":{"start":{"line":0,"column":0},"end":{"line":0,"column":0},"skip":true},"3":{"start":{"line":0,"column":0},"end":{"line":0,"column":0},"skip":true},"4":{"start":{"line":0,"column":0},"end":{"line":0,"column":0},"skip":true},"5":{"start":{"line":0,"column":0},"end":{"line":0,"column":0},"skip":true},"6":{"start":{"line":0,"column":0},"end":{"line":0,"column":0},"skip":true},"7":{"start":{"line":0,"column":0},"end":{"line":0,"column":0},"skip":true},"8":{"start":{"line":0,"column":0},"end":{"line":0,"column":0},"skip":true},"9":{"start":{"line":0,"column":0},"end":{"line":0,"column":0},"skip":true},"10":{"start":{"line":0,"column":0},"end":{"line":0,"column":0},"skip":true},"11":{"start":{"line":0,"column":0},"end":{"line":0,"column":0},"skip":true},"12":{"start":{"line":0,"column":0},"end":{"line":0,"column":0},"skip":true},"13":{"start":{"line":0,"column":0},"end":{"line":0,"column":0},"skip":true},"14":{"start":{"line":0,"column":0},"end":{"line":0,"column":0},"skip":true},"15":{"start":{"line":0,"column":0},"end":{"line":0,"column":0},"skip":true},"16":{"start":{"line":0,"column":0},"end":{"line":0,"column":0},"skip":true},"17":{"start":{"line":0,"column":0},"end":{"line":0,"column":0},"skip":true},"18":{"start":{"line":0,"column":0},"end":{"line":0,"column":0},"skip":true},"19":{"start":{"line":0,"column":0},"end":{"line":0,"column":0},"skip":true},"20":{"start":{"line":0,"column":0},"end":{"line":0,"column":0},"skip":true},"21":{"start":{"line":3,"column":15},"end":{"line":6,"column":5}},"22":{"start":{"line":0,"column":0},"end":{"line":0,"column":0},"skip":true},"23":{"start":{"line":4,"column":8},"end":{"line":4,"column":27}},"24":{"start":{"line":5,"column":8},"end":{"line":5,"column":29}},"25":{"start":{"line":0,"column":0},"end":{"line":0,"column":0},"skip":true},"26":{"start":{"line":10,"column":8},"end":{"line":10,"column":28}},"27":{"start":{"line":15,"column":8},"end":{"line":17,"column":9}},"28":{"start":{"line":16,"column":12},"end":{"line":16,"column":57}},"29":{"start":{"line":18,"column":8},"end":{"line":18,"column":29}},"30":{"start":{"line":22,"column":8},"end":{"line":22,"column":27}},"31":{"start":{"line":26,"column":8},"end":{"line":28,"column":9}},"32":{"start":{"line":27,"column":12},"end":{"line":27,"column":56}},"33":{"start":{"line":29,"column":8},"end":{"line":29,"column":28}},"34":{"start":{"line":33,"column":8},"end":{"line":33,"column":40}},"35":{"start":{"line":37,"column":8},"end":{"line":37,"column":48}},"36":{"start":{"line":0,"column":0},"end":{"line":0,"column":0},"skip":true},"37":{"start":{"line":0,"column":0},"end":{"line":0,"column":0},"skip":true},"38":{"start":{"line":0,"column":0},"end":{"line":0,"column":0},"skip":true}},"branchMap":{"1":{"line":7,"type":"binary-expr","locations":[{"start":{"line":0,"column":0},"end":{"line":0,"column":0},"skip":true},{"start":{"line":0,"column":0},"end":{"line":0,"column":0},"skip":true}]},"2":{"line":7,"type":"if","locations":[{"start":{"line":0,"column":0},"end":{"line":0,"column":0},"skip":true},{"start":{"line":0,"column":0},"end":{"line":0,"column":0},"skip":true}]},"3":{"line":7,"type":"if","locations":[{"start":{"line":0,"column":0},"end":{"line":0,"column":0},"skip":true},{"start":{"line":0,"column":0},"end":{"line":0,"column":0},"skip":true}]},"4":{"line":7,"type":"if","locations":[{"start":{"line":0,"column":0},"end":{"line":0,"column":0},"skip":true},{"start":{"line":0,"column":0},"end":{"line":0,"column":0},"skip":true}]},"5":{"line":9,"type":"if","locations":[{"start":{"line":0,"column":0},"end":{"line":0,"column":0},"skip":true},{"start":{"line":0,"column":0},"end":{"line":0,"column":0},"skip":true}]},"6":{"line":31,"type":"if","locations":[{"start":{"line":15,"column":8},"end":{"line":15,"column":8}},{"start":{"line":15,"column":8},"end":{"line":15,"column":8}}]},"7":{"line":42,"type":"if","locations":[{"start":{"line":26,"column":8},"end":{"line":26,"column":8}},{"start":{"line":26,"column":8},"end":{"line":26,"column":8}}]}}}}