{"/Users/stanley/Desktop/rectangle_test/rectangle.js":{"path":"/Users/stanley/Desktop/rectangle_test/rectangle.js","s":{"1":1,"2":1,"3":1,"4":1,"5":4,"6":4,"7":4,"8":4,"9":0,"10":4,"11":1,"12":1,"13":1,"14":1,"15":0,"16":1,"17":1,"18":3,"19":0,"20":1,"21":1,"22":3,"23":3,"24":3,"25":1,"26":0,"27":3,"28":0,"29":3,"30":2,"31":5,"32":1,"33":4,"34":0,"35":0,"36":1,"37":1,"38":1},"b":{"1":[4,4],"2":[0,4],"3":[1,0],"4":[0,1],"5":[0,3],"6":[0,3],"7":[1,4]},"f":{"1":1,"2":1,"3":1,"4":3,"5":1,"6":3,"7":0,"8":3,"9":2,"10":5,"11":0,"12":0},"fnMap":{"1":{"name":"(anonymous_1)","line":8,"loc":{"start":{"line":8,"column":20},"end":{"line":8,"column":32}},"skip":true},"2":{"name":"defineProperties","line":8,"loc":{"start":{"line":8,"column":34},"end":{"line":8,"column":75}},"skip":true},"3":{"name":"(anonymous_3)","line":8,"loc":{"start":{"line":8,"column":358},"end":{"line":8,"column":406}},"skip":true},"4":{"name":"_classCallCheck","line":12,"loc":{"start":{"line":12,"column":0},"end":{"line":12,"column":48}},"skip":true},"5":{"name":"(anonymous_5)","line":14,"loc":{"start":{"line":14,"column":17},"end":{"line":14,"column":29}}},"6":{"name":"Rectangle","line":17,"loc":{"start":{"line":17,"column":4},"end":{"line":17,"column":38}}},"7":{"name":"get","line":28,"loc":{"start":{"line":28,"column":13},"end":{"line":28,"column":28}}},"8":{"name":"set","line":33,"loc":{"start":{"line":33,"column":13},"end":{"line":33,"column":33}}},"9":{"name":"get","line":41,"loc":{"start":{"line":41,"column":13},"end":{"line":41,"column":28}}},"10":{"name":"set","line":44,"loc":{"start":{"line":44,"column":13},"end":{"line":44,"column":33}}},"11":{"name":"get","line":52,"loc":{"start":{"line":52,"column":13},"end":{"line":52,"column":28}}},"12":{"name":"get","line":57,"loc":{"start":{"line":57,"column":13},"end":{"line":57,"column":28}}}},"statementMap":{"1":{"start":{"line":3,"column":0},"end":{"line":5,"column":3}},"2":{"start":{"line":8,"column":0},"end":{"line":8,"column":566},"skip":true},"3":{"start":{"line":8,"column":34},"end":{"line":8,"column":350},"skip":true},"4":{"start":{"line":8,"column":77},"end":{"line":8,"column":348},"skip":true},"5":{"start":{"line":8,"column":118},"end":{"line":8,"column":144},"skip":true},"6":{"start":{"line":8,"column":145},"end":{"line":8,"column":200},"skip":true},"7":{"start":{"line":8,"column":201},"end":{"line":8,"column":232},"skip":true},"8":{"start":{"line":8,"column":233},"end":{"line":8,"column":287},"skip":true},"9":{"start":{"line":8,"column":260},"end":{"line":8,"column":287},"skip":true},"10":{"start":{"line":8,"column":288},"end":{"line":8,"column":346},"skip":true},"11":{"start":{"line":8,"column":351},"end":{"line":8,"column":560},"skip":true},"12":{"start":{"line":8,"column":408},"end":{"line":8,"column":476},"skip":true},"13":{"start":{"line":8,"column":424},"end":{"line":8,"column":476},"skip":true},"14":{"start":{"line":8,"column":477},"end":{"line":8,"column":537},"skip":true},"15":{"start":{"line":8,"column":494},"end":{"line":8,"column":537},"skip":true},"16":{"start":{"line":8,"column":538},"end":{"line":8,"column":557},"skip":true},"17":{"start":{"line":12,"column":0},"end":{"line":12,"column":153},"skip":true},"18":{"start":{"line":12,"column":50},"end":{"line":12,"column":151},"skip":true},"19":{"start":{"line":12,"column":92},"end":{"line":12,"column":149},"skip":true},"20":{"start":{"line":14,"column":0},"end":{"line":63,"column":5}},"21":{"start":{"line":17,"column":4},"end":{"line":22,"column":5}},"22":{"start":{"line":18,"column":8},"end":{"line":18,"column":41}},"23":{"start":{"line":20,"column":8},"end":{"line":20,"column":27}},"24":{"start":{"line":21,"column":8},"end":{"line":21,"column":29}},"25":{"start":{"line":26,"column":4},"end":{"line":60,"column":8}},"26":{"start":{"line":29,"column":12},"end":{"line":29,"column":32}},"27":{"start":{"line":34,"column":12},"end":{"line":36,"column":13}},"28":{"start":{"line":35,"column":16},"end":{"line":35,"column":61}},"29":{"start":{"line":37,"column":12},"end":{"line":37,"column":33}},"30":{"start":{"line":42,"column":12},"end":{"line":42,"column":31}},"31":{"start":{"line":45,"column":12},"end":{"line":47,"column":13}},"32":{"start":{"line":46,"column":16},"end":{"line":46,"column":60}},"33":{"start":{"line":48,"column":12},"end":{"line":48,"column":32}},"34":{"start":{"line":53,"column":12},"end":{"line":53,"column":44}},"35":{"start":{"line":58,"column":12},"end":{"line":58,"column":52}},"36":{"start":{"line":62,"column":4},"end":{"line":62,"column":21}},"37":{"start":{"line":65,"column":0},"end":{"line":65,"column":31}},"38":{"start":{"line":66,"column":0},"end":{"line":66,"column":36}}},"branchMap":{"1":{"line":8,"type":"binary-expr","locations":[{"start":{"line":8,"column":169},"end":{"line":8,"column":190},"skip":true},{"start":{"line":8,"column":194},"end":{"line":8,"column":199},"skip":true}]},"2":{"line":8,"type":"if","locations":[{"start":{"line":8,"column":233},"end":{"line":8,"column":233},"skip":true},{"start":{"line":8,"column":233},"end":{"line":8,"column":233},"skip":true}]},"3":{"line":8,"type":"if","locations":[{"start":{"line":8,"column":408},"end":{"line":8,"column":408},"skip":true},{"start":{"line":8,"column":408},"end":{"line":8,"column":408},"skip":true}]},"4":{"line":8,"type":"if","locations":[{"start":{"line":8,"column":477},"end":{"line":8,"column":477},"skip":true},{"start":{"line":8,"column":477},"end":{"line":8,"column":477},"skip":true}]},"5":{"line":12,"type":"if","locations":[{"start":{"line":12,"column":50},"end":{"line":12,"column":50},"skip":true},{"start":{"line":12,"column":50},"end":{"line":12,"column":50},"skip":true}]},"6":{"line":34,"type":"if","locations":[{"start":{"line":34,"column":12},"end":{"line":34,"column":12}},{"start":{"line":34,"column":12},"end":{"line":34,"column":12}}]},"7":{"line":45,"type":"if","locations":[{"start":{"line":45,"column":12},"end":{"line":45,"column":12}},{"start":{"line":45,"column":12},"end":{"line":45,"column":12}}]}}}}