TN:
SF:/Users/stanley/Desktop/rectangle_test/rectangle.js
FN:7,(anonymous_1)
FN:7,defineProperties
FN:7,(anonymous_3)
FN:9,_classCallCheck
FN:11,(anonymous_5)
FN:14,Rectangle
FN:25,get
FN:30,set
FN:38,get
FN:41,set
FN:49,get
FN:54,get
FNF:12
FNH:12
FNDA:1,(anonymous_1)
FNDA:1,defineProperties
FNDA:1,(anonymous_3)
FNDA:14,_classCallCheck
FNDA:1,(anonymous_5)
FNDA:14,Rectangle
FNDA:4,get
FNDA:14,set
FNDA:4,get
FNDA:16,set
FNDA:1,get
FNDA:1,get
DA:0,14
DA:3,1
DA:4,14
DA:5,12
DA:10,4
DA:15,14
DA:16,2
DA:18,12
DA:22,4
DA:26,16
DA:27,3
DA:29,13
DA:33,1
DA:37,1
LF:14
LH:14
BRDA:7,1,0,4
BRDA:7,1,1,4
BRDA:7,2,0,0
BRDA:7,2,1,4
BRDA:7,3,0,1
BRDA:7,3,1,0
BRDA:7,4,0,0
BRDA:7,4,1,1
BRDA:9,5,0,0
BRDA:9,5,1,14
BRDA:31,6,0,2
BRDA:31,6,1,12
BRDA:42,7,0,3
BRDA:42,7,1,13
BRF:14
BRH:14
end_of_record
