TN:
SF:/Users/stanley/Desktop/rectangle_test/rectangle.js
FN:8,(anonymous_1)
FN:8,defineProperties
FN:8,(anonymous_3)
FN:12,_classCallCheck
FN:14,(anonymous_5)
FN:17,Rectangle
FN:28,get
FN:33,set
FN:41,get
FN:44,set
FN:52,get
FN:57,get
FNF:12
FNH:9
FNDA:1,(anonymous_1)
FNDA:1,defineProperties
FNDA:1,(anonymous_3)
FNDA:3,_classCallCheck
FNDA:1,(anonymous_5)
FNDA:3,Rectangle
FNDA:0,get
FNDA:3,set
FNDA:2,get
FNDA:5,set
FNDA:0,get
FNDA:0,get
DA:3,1
DA:8,4
DA:12,3
DA:14,1
DA:17,1
DA:18,3
DA:20,3
DA:21,3
DA:26,1
DA:29,0
DA:34,3
DA:35,0
DA:37,3
DA:42,2
DA:45,5
DA:46,1
DA:48,4
DA:53,0
DA:58,0
DA:62,1
DA:65,1
DA:66,1
LF:22
LH:18
BRDA:8,1,0,4
BRDA:8,1,1,4
BRDA:8,2,0,0
BRDA:8,2,1,4
BRDA:8,3,0,1
BRDA:8,3,1,0
BRDA:8,4,0,0
BRDA:8,4,1,1
BRDA:12,5,0,0
BRDA:12,5,1,3
BRDA:34,6,0,0
BRDA:34,6,1,3
BRDA:45,7,0,1
BRDA:45,7,1,4
BRF:14
BRH:13
end_of_record
